2020-11-18 21:53:39 [scrapy.utils.log] INFO: Scrapy 2.4.1 started (bot: tubatu_scrapy_project)
2020-11-18 21:53:39 [scrapy.utils.log] INFO: Versions: lxml 4.6.1.0, libxml2 2.9.5, cssselect 1.1.0, parsel 1.6.0, w3lib 1.22.0, Twisted 20.3.0, Python 3.7.1 (v3.7.1:260ec2c36a, Oct 20 2018, 14:57:15) [MSC v.1915 64 bit (AMD64)], pyOpenSSL 19.1.0 (OpenSSL 1.1.1h  22 Sep 2020), cryptography 3.2.1, Platform Windows-10-10.0.18362-SP0
2020-11-18 21:53:39 [scrapy.utils.log] DEBUG: Using reactor: twisted.internet.selectreactor.SelectReactor
2020-11-18 21:53:39 [scrapy.crawler] INFO: Overridden settings:
{'BOT_NAME': 'tubatu_scrapy_project',
 'LOG_FILE': 'logs\\tubatu_scrapy_project\\tubatu\\738f785829a511ebac8df8a2d6086d1c.log',
 'NEWSPIDER_MODULE': 'tubatu_scrapy_project.spiders',
 'SPIDER_MODULES': ['tubatu_scrapy_project.spiders']}
2020-11-18 21:53:39 [scrapy.extensions.telnet] INFO: Telnet Password: 7c9f5f62d329fb8f
2020-11-18 21:53:39 [scrapy.middleware] INFO: Enabled extensions:
['scrapy.extensions.corestats.CoreStats',
 'scrapy.extensions.telnet.TelnetConsole',
 'scrapy.extensions.logstats.LogStats']
2020-11-18 21:53:39 [scrapy.middleware] INFO: Enabled downloader middlewares:
['scrapy.downloadermiddlewares.httpauth.HttpAuthMiddleware',
 'tubatu_scrapy_project.middlewares.my_useragent',
 'scrapy.downloadermiddlewares.downloadtimeout.DownloadTimeoutMiddleware',
 'scrapy.downloadermiddlewares.defaultheaders.DefaultHeadersMiddleware',
 'scrapy.downloadermiddlewares.useragent.UserAgentMiddleware',
 'scrapy.downloadermiddlewares.retry.RetryMiddleware',
 'scrapy.downloadermiddlewares.redirect.MetaRefreshMiddleware',
 'scrapy.downloadermiddlewares.httpcompression.HttpCompressionMiddleware',
 'scrapy.downloadermiddlewares.redirect.RedirectMiddleware',
 'scrapy.downloadermiddlewares.cookies.CookiesMiddleware',
 'scrapy.downloadermiddlewares.httpproxy.HttpProxyMiddleware',
 'scrapy.downloadermiddlewares.stats.DownloaderStats']
2020-11-18 21:53:39 [scrapy.middleware] INFO: Enabled spider middlewares:
['scrapy.spidermiddlewares.httperror.HttpErrorMiddleware',
 'scrapy.spidermiddlewares.offsite.OffsiteMiddleware',
 'scrapy.spidermiddlewares.referer.RefererMiddleware',
 'scrapy.spidermiddlewares.urllength.UrlLengthMiddleware',
 'scrapy.spidermiddlewares.depth.DepthMiddleware']
2020-11-18 21:53:39 [twisted] CRITICAL: Unhandled error in Deferred:
2020-11-18 21:53:39 [twisted] CRITICAL: 
Traceback (most recent call last):
  File "d:\virtual path\tubatu\lib\site-packages\twisted\internet\defer.py", line 1418, in _inlineCallbacks
    result = g.send(result)
  File "d:\virtual path\tubatu\lib\site-packages\scrapy\crawler.py", line 87, in crawl
    self.engine = self._create_engine()
  File "d:\virtual path\tubatu\lib\site-packages\scrapy\crawler.py", line 101, in _create_engine
    return ExecutionEngine(self, lambda _: self.stop())
  File "d:\virtual path\tubatu\lib\site-packages\scrapy\core\engine.py", line 70, in __init__
    self.scraper = Scraper(crawler)
  File "d:\virtual path\tubatu\lib\site-packages\scrapy\core\scraper.py", line 71, in __init__
    self.itemproc = itemproc_cls.from_crawler(crawler)
  File "d:\virtual path\tubatu\lib\site-packages\scrapy\middleware.py", line 53, in from_crawler
    return cls.from_settings(crawler.settings, crawler)
  File "d:\virtual path\tubatu\lib\site-packages\scrapy\middleware.py", line 34, in from_settings
    mwcls = load_object(clspath)
  File "d:\virtual path\tubatu\lib\site-packages\scrapy\utils\misc.py", line 62, in load_object
    mod = import_module(module)
  File "d:\program files\python37\lib\importlib\__init__.py", line 127, in import_module
    return _bootstrap._gcd_import(name[level:], package, level)
  File "<frozen importlib._bootstrap>", line 1006, in _gcd_import
  File "<frozen importlib._bootstrap>", line 983, in _find_and_load
  File "<frozen importlib._bootstrap>", line 967, in _find_and_load_unlocked
  File "<frozen importlib._bootstrap>", line 677, in _load_unlocked
  File "<frozen importlib._bootstrap_external>", line 728, in exec_module
  File "<frozen importlib._bootstrap>", line 219, in _call_with_frames_removed
  File "D:\Spider_Web_site\Tubatu\tubatu_scrapy_project\tubatu_scrapy_project\pipelines.py", line 11, in <module>
    from scrapy.pipelines.images import ImagesPipeline
  File "d:\virtual path\tubatu\lib\site-packages\scrapy\pipelines\images.py", line 12, in <module>
    from PIL import Image
ModuleNotFoundError: No module named 'PIL'
